2023/08/18 20:37:13 [INFO] Packer version: 1.9.2 [go1.20.4 linux amd64]
2023/08/18 20:37:13 [TRACE] discovering plugins in /usr/bin
2023/08/18 20:37:13 [TRACE] discovering plugins in .
2023/08/18 20:37:13 [TRACE] discovering plugins in /home/me/.config/packer/plugins
2023/08/18 20:37:13 [INFO] Discovered potential plugin: ansible = /home/me/.config/packer/plugins/github.com/hashicorp/ansible/packer-plugin-ansible_v1.1.0_x5.0_linux_amd64
2023/08/18 20:37:13 [INFO] Discovered potential plugin: chef = /home/me/.config/packer/plugins/github.com/hashicorp/chef/packer-plugin-chef_v1.0.2_x5.0_linux_amd64
2023/08/18 20:37:13 [INFO] Discovered potential plugin: docker = /home/me/.config/packer/plugins/github.com/hashicorp/docker/packer-plugin-docker_v1.0.8_x5.0_linux_amd64
2023/08/18 20:37:13 [INFO] Discovered potential plugin: hyperv = /home/me/.config/packer/plugins/github.com/hashicorp/hyperv/packer-plugin-hyperv_v1.1.1_x5.0_linux_amd64
2023/08/18 20:37:13 [INFO] Discovered potential plugin: qemu = /home/me/.config/packer/plugins/github.com/hashicorp/qemu/packer-plugin-qemu_v1.0.9_x5.0_linux_amd64
2023/08/18 20:37:13 [INFO] Discovered potential plugin: vagrant = /home/me/.config/packer/plugins/github.com/hashicorp/vagrant/packer-plugin-vagrant_v1.0.3_x5.0_linux_amd64
2023/08/18 20:37:13 [INFO] Discovered potential plugin: virtualbox = /home/me/.config/packer/plugins/github.com/hashicorp/virtualbox/packer-plugin-virtualbox_v1.0.5_x5.0_linux_amd64
2023/08/18 20:37:13 [INFO] Discovered potential plugin: vmware = /home/me/.config/packer/plugins/github.com/hashicorp/vmware/packer-plugin-vmware_v1.0.8_x5.0_linux_amd64
2023/08/18 20:37:13 [INFO] Discovered potential plugin: parallels = /home/me/.config/packer/plugins/github.com/parallels/parallels/packer-plugin-parallels_v1.1.0_x5.0_linux_amd64
2023/08/18 20:37:13 [INFO] Discovered potential plugin: parallels = /home/me/.config/packer/plugins/github.com/parallels/parallels/packer-plugin-parallels_v1.1.2_x5.0_linux_amd64
2023/08/18 20:37:13 [INFO] Discovered potential plugin: windows-update = /home/me/.config/packer/plugins/github.com/rgl/windows-update/packer-plugin-windows-update_v0.14.3_x5.0_linux_amd64
2023/08/18 20:37:13 [INFO] Discovered potential plugin: vmware = /home/me/.config/packer/plugins/github.com/stromweld/vmware/packer-plugin-vmware_v1.0.10_x5.0_linux_amd64
2023/08/18 20:37:13 [INFO] Discovered potential plugin: vmware = /home/me/.config/packer/plugins/github.com/stromweld/vmware/packer-plugin-vmware_v1.0.11_x5.0_linux_amd64
2023/08/18 20:37:13 [INFO] found external [-packer-default-plugin-name-] builders from docker plugin
2023/08/18 20:37:13 [INFO] found external [import push save tag] post-processors from docker plugin
2023/08/18 20:37:13 [INFO] found external [-packer-default-plugin-name-] builders from vagrant plugin
2023/08/18 20:37:13 [INFO] found external [-packer-default-plugin-name- cloud] post-processors from vagrant plugin
2023/08/18 20:37:13 [INFO] found external [iso ovf vm] builders from virtualbox plugin
2023/08/18 20:37:13 [INFO] found external [ipsw iso macvm pvm] builders from parallels plugin
2023/08/18 20:37:13 found external [-packer-default-plugin-name-] provisioner from windows-update plugin
2023/08/18 20:37:13 found external [client solo] provisioner from chef plugin
2023/08/18 20:37:13 [INFO] found external [iso vmcx] builders from hyperv plugin
2023/08/18 20:37:13 [INFO] found external [-packer-default-plugin-name-] builders from qemu plugin
2023/08/18 20:37:13 [INFO] found external [iso vmx] builders from vmware plugin
2023/08/18 20:37:13 found external [-packer-default-plugin-name- local] provisioner from ansible plugin
2023/08/18 20:37:13 [INFO] PACKER_CONFIG env var not set; checking the default config file path
2023/08/18 20:37:13 [INFO] PACKER_CONFIG env var set; attempting to open config file: /home/me/.packerconfig
2023/08/18 20:37:13 [WARN] Config file doesn't exist: /home/me/.packerconfig
2023/08/18 20:37:13 [INFO] Setting cache directory: /home/me/.cache/packer
2023/08/18 20:37:13 [TRACE] listing potential installations for "github.com/hashicorp/qemu" that match "~> 1". plugingetter.ListInstallationsOptions{FromFolders:[]string{"/usr/bin", ".", "/home/me/.config/packer/plugins"}, BinaryInstallationOptions:plugingetter.BinaryInstallationOptions{APIVersionMajor:"5", APIVersionMinor:"0", OS:"linux", ARCH:"amd64", Ext:"", Checksummers:[]plugingetter.Checksummer{plugingetter.Checksummer{Type:"sha256", Hash:(*sha256.digest)(0xc0008ae580)}}}}
2023/08/18 20:37:14 [TRACE] Found the following "github.com/hashicorp/qemu" installations: [{/home/me/.config/packer/plugins/github.com/hashicorp/qemu/packer-plugin-qemu_v1.0.9_x5.0_linux_amd64 v1.0.9}]
2023/08/18 20:37:14 [INFO] found external [-packer-default-plugin-name-] builders from qemu plugin
2023/08/18 20:37:14 [TRACE] listing potential installations for "github.com/hashicorp/vagrant" that match "~> 1". plugingetter.ListInstallationsOptions{FromFolders:[]string{"/usr/bin", ".", "/home/me/.config/packer/plugins"}, BinaryInstallationOptions:plugingetter.BinaryInstallationOptions{APIVersionMajor:"5", APIVersionMinor:"0", OS:"linux", ARCH:"amd64", Ext:"", Checksummers:[]plugingetter.Checksummer{plugingetter.Checksummer{Type:"sha256", Hash:(*sha256.digest)(0xc0008ae580)}}}}
2023/08/18 20:37:14 [TRACE] Found the following "github.com/hashicorp/vagrant" installations: [{/home/me/.config/packer/plugins/github.com/hashicorp/vagrant/packer-plugin-vagrant_v1.0.3_x5.0_linux_amd64 v1.0.3}]
2023/08/18 20:37:14 [INFO] found external [-packer-default-plugin-name-] builders from vagrant plugin
2023/08/18 20:37:14 [INFO] found external [-packer-default-plugin-name- cloud] post-processors from vagrant plugin
2023/08/18 20:37:14 [TRACE] listing potential installations for "github.com/hashicorp/ansible" that match "~> 1". plugingetter.ListInstallationsOptions{FromFolders:[]string{"/usr/bin", ".", "/home/me/.config/packer/plugins"}, BinaryInstallationOptions:plugingetter.BinaryInstallationOptions{APIVersionMajor:"5", APIVersionMinor:"0", OS:"linux", ARCH:"amd64", Ext:"", Checksummers:[]plugingetter.Checksummer{plugingetter.Checksummer{Type:"sha256", Hash:(*sha256.digest)(0xc0008ae580)}}}}
2023/08/18 20:37:14 [TRACE] Found the following "github.com/hashicorp/ansible" installations: [{/home/me/.config/packer/plugins/github.com/hashicorp/ansible/packer-plugin-ansible_v1.1.0_x5.0_linux_amd64 v1.1.0}]
2023/08/18 20:37:14 found external [-packer-default-plugin-name- local] provisioner from ansible plugin
2023/08/18 20:37:14 [TRACE] validateValue: not active for headless, so skipping
2023/08/18 20:37:14 [TRACE] validateValue: not active for accelerator, so skipping
2023/08/18 20:37:14 [TRACE] validateValue: not active for qemu_display, so skipping
2023/08/18 20:37:14 [TRACE] validateValue: not active for qemu_machine_type, so skipping
2023/08/18 20:37:14 [TRACE] validateValue: not active for disk_size, so skipping
2023/08/18 20:37:14 [TRACE] validateValue: not active for memory, so skipping
2023/08/18 20:37:14 [TRACE] validateValue: not active for boot_wait, so skipping
2023/08/18 20:37:14 [TRACE] validateValue: not active for iso_url, so skipping
2023/08/18 20:37:14 [TRACE] validateValue: not active for os_version, so skipping
2023/08/18 20:37:14 [TRACE] validateValue: not active for boot_command, so skipping
2023/08/18 20:37:14 [TRACE] validateValue: not active for boot_key_interval, so skipping
2023/08/18 20:37:14 [TRACE] validateValue: not active for config_file, so skipping
2023/08/18 20:37:14 [TRACE] validateValue: not active for iso_sha256_checksum, so skipping
2023/08/18 20:37:14 [TRACE] validateValue: not active for qemu_binary, so skipping
2023/08/18 20:37:14 [TRACE] validateValue: not active for qemuargs, so skipping
2023/08/18 20:37:14 [TRACE] validateValue: not active for os_name, so skipping
2023/08/18 20:37:14 [TRACE] validateValue: not active for os_arch, so skipping
2023/08/18 20:37:14 waiting for all plugin processes to complete...
panic: runtime error: invalid memory address or nil pointer dereference
[signal SIGSEGV: segmentation violation code=0x1 addr=0x28 pc=0xdf8b44]

goroutine 1 [running]:
github.com/hashicorp/packer/hcl2template.(*PackerConfig).evaluateLocalVariable(0xc000496780, 0xc000a294d0)
	github.com/hashicorp/packer/hcl2template/types.packer_config.go:285 +0x44
github.com/hashicorp/packer/hcl2template.(*PackerConfig).evaluateLocalVariables(0xc000496780, {0xc000701158?, 0x3?, 0x3?})
	github.com/hashicorp/packer/hcl2template/types.packer_config.go:243 +0x278
github.com/hashicorp/packer/hcl2template.(*PackerConfig).Initialize(0xc000496780, {0x40?})
	github.com/hashicorp/packer/hcl2template/parser.go:315 +0x4eb
github.com/hashicorp/packer/command.(*BuildCommand).RunContext(0xc000702b40, {0x38d12a0?, 0xc00073e190}, 0xc000704510)
	github.com/hashicorp/packer/command/build.go:96 +0xef
github.com/hashicorp/packer/command.(*BuildCommand).Run(0xc000702b40, {0xc0000501a0, 0x1, 0x1})
	github.com/hashicorp/packer/command/build.go:41 +0xc5
github.com/mitchellh/cli.(*CLI).Run(0xc000496000)
	github.com/mitchellh/cli@v1.1.2/cli.go:262 +0x5f8
main.wrappedMain()
	github.com/hashicorp/packer/main.go:265 +0xcc5
main.realMain()
	github.com/hashicorp/packer/main.go:52 +0xf5
main.main()
	github.com/hashicorp/packer/main.go:38 +0x19
